2024/01/20 18:55:54 [INFO] Packer version: 1.10.0 [go1.20.11 linux amd64]
2024/01/20 18:55:54 [TRACE] discovering plugins in /home/vscode/.asdf/installs/packer/1.10.0/bin
2024/01/20 18:55:54 [TRACE] discovering plugins in .
2024/01/20 18:55:54 [TRACE] discovering plugins in /home/vscode/.config/packer/plugins
2024/01/20 18:55:54 [INFO] Discovered potential plugin: proxmox = /home/vscode/.config/packer/plugins/github.com/hashicorp/proxmox/packer-plugin-proxmox_v1.1.6_x5.0_linux_amd64
2024/01/20 18:55:54 [INFO] found external [-packer-default-plugin-name- clone iso] builders from proxmox plugin
2024/01/20 18:55:54 [INFO] PACKER_CONFIG env var not set; checking the default config file path
2024/01/20 18:55:54 [INFO] PACKER_CONFIG env var set; attempting to open config file: /home/vscode/.packerconfig
2024/01/20 18:55:54 [WARN] Config file doesn't exist: /home/vscode/.packerconfig
2024/01/20 18:55:54 [INFO] Setting cache directory: /home/vscode/.cache/packer
2024/01/20 18:55:54 [TRACE] validateValue: not active for proxmox_api_token_secret, so skipping
2024/01/20 18:55:54 [TRACE] validateValue: not active for proxmox_api_url, so skipping
2024/01/20 18:55:54 [TRACE] validateValue: not active for proxmox_api_token_id, so skipping
2024/01/20 18:55:54 [INFO] Starting external plugin /home/vscode/.config/packer/plugins/github.com/hashicorp/proxmox/packer-plugin-proxmox_v1.1.6_x5.0_linux_amd64 start builder iso
2024/01/20 18:55:54 Starting plugin: /home/vscode/.config/packer/plugins/github.com/hashicorp/proxmox/packer-plugin-proxmox_v1.1.6_x5.0_linux_amd64 []string{"/home/vscode/.config/packer/plugins/github.com/hashicorp/proxmox/packer-plugin-proxmox_v1.1.6_x5.0_linux_amd64", "start", "builder", "iso"}
2024/01/20 18:55:54 Waiting for RPC address for: /home/vscode/.config/packer/plugins/github.com/hashicorp/proxmox/packer-plugin-proxmox_v1.1.6_x5.0_linux_amd64
2024/01/20 18:55:54 packer-plugin-proxmox_v1.1.6_x5.0_linux_amd64 plugin: 2024/01/20 18:55:54 Plugin address: unix /tmp/packer-plugin2631351910
2024/01/20 18:55:54 packer-plugin-proxmox_v1.1.6_x5.0_linux_amd64 plugin: 2024/01/20 18:55:54 Waiting for connection...
2024/01/20 18:55:54 Received unix RPC address for /home/vscode/.config/packer/plugins/github.com/hashicorp/proxmox/packer-plugin-proxmox_v1.1.6_x5.0_linux_amd64: addr is /tmp/packer-plugin2631351910
2024/01/20 18:55:54 packer-plugin-proxmox_v1.1.6_x5.0_linux_amd64 plugin: 2024/01/20 18:55:54 Serving a plugin connection...
2024/01/20 18:55:54 packer-plugin-proxmox_v1.1.6_x5.0_linux_amd64 plugin: 2024/01/20 18:55:54 [TRACE] starting builder iso
2024/01/20 18:55:54 packer-plugin-proxmox_v1.1.6_x5.0_linux_amd64 plugin: 2024/01/20 18:55:54 Number of sockets 0 is too small, using default: 1
2024/01/20 18:55:54 packer-plugin-proxmox_v1.1.6_x5.0_linux_amd64 plugin: 2024/01/20 18:55:54 CPU type not set, using default 'kvm64'
2024/01/20 18:55:54 packer-plugin-proxmox_v1.1.6_x5.0_linux_amd64 plugin: 2024/01/20 18:55:54 OS not set, using default 'other'
2024/01/20 18:55:54 packer-plugin-proxmox_v1.1.6_x5.0_linux_amd64 plugin: 2024/01/20 18:55:54 Disk 0 cache mode not set, using default 'none'
2024/01/20 18:55:54 [INFO] Starting internal plugin packer-provisioner-shell
2024/01/20 18:55:54 Starting plugin: /home/vscode/.asdf/installs/packer/1.10.0/bin/packer []string{"/home/vscode/.asdf/installs/packer/1.10.0/bin/packer", "plugin", "packer-provisioner-shell"}
2024/01/20 18:55:54 Waiting for RPC address for: /home/vscode/.asdf/installs/packer/1.10.0/bin/packer
2024/01/20 18:55:54 packer-provisioner-shell plugin: [INFO] Packer version: 1.10.0 [go1.20.11 linux amd64]
2024/01/20 18:55:54 packer-provisioner-shell plugin: [INFO] PACKER_CONFIG env var not set; checking the default config file path
2024/01/20 18:55:54 packer-provisioner-shell plugin: [INFO] PACKER_CONFIG env var set; attempting to open config file: /home/vscode/.packerconfig
2024/01/20 18:55:54 packer-provisioner-shell plugin: [WARN] Config file doesn't exist: /home/vscode/.packerconfig
2024/01/20 18:55:54 packer-provisioner-shell plugin: [INFO] Setting cache directory: /home/vscode/.cache/packer
2024/01/20 18:55:54 packer-provisioner-shell plugin: args: []string{"packer-provisioner-shell"}
2024/01/20 18:55:54 packer-provisioner-shell plugin: Plugin address: unix /tmp/packer-plugin1001701013
2024/01/20 18:55:54 Received unix RPC address for /home/vscode/.asdf/installs/packer/1.10.0/bin/packer: addr is /tmp/packer-plugin1001701013
2024/01/20 18:55:54 packer-provisioner-shell plugin: Waiting for connection...
2024/01/20 18:55:54 packer-provisioner-shell plugin: Serving a plugin connection...
2024/01/20 18:55:54 [INFO] Starting internal plugin packer-provisioner-file
2024/01/20 18:55:54 Starting plugin: /home/vscode/.asdf/installs/packer/1.10.0/bin/packer []string{"/home/vscode/.asdf/installs/packer/1.10.0/bin/packer", "plugin", "packer-provisioner-file"}
2024/01/20 18:55:54 Waiting for RPC address for: /home/vscode/.asdf/installs/packer/1.10.0/bin/packer
2024/01/20 18:55:54 packer-provisioner-file plugin: [INFO] Packer version: 1.10.0 [go1.20.11 linux amd64]
2024/01/20 18:55:54 packer-provisioner-file plugin: [INFO] PACKER_CONFIG env var not set; checking the default config file path
2024/01/20 18:55:54 packer-provisioner-file plugin: [INFO] PACKER_CONFIG env var set; attempting to open config file: /home/vscode/.packerconfig
2024/01/20 18:55:54 packer-provisioner-file plugin: [WARN] Config file doesn't exist: /home/vscode/.packerconfig
2024/01/20 18:55:54 packer-provisioner-file plugin: [INFO] Setting cache directory: /home/vscode/.cache/packer
2024/01/20 18:55:54 packer-provisioner-file plugin: args: []string{"packer-provisioner-file"}
2024/01/20 18:55:54 Received unix RPC address for /home/vscode/.asdf/installs/packer/1.10.0/bin/packer: addr is /tmp/packer-plugin4084909319
2024/01/20 18:55:54 packer-provisioner-file plugin: Plugin address: unix /tmp/packer-plugin4084909319
2024/01/20 18:55:54 packer-provisioner-file plugin: Waiting for connection...
2024/01/20 18:55:54 packer-provisioner-file plugin: Serving a plugin connection...
2024/01/20 18:55:54 [INFO] Starting internal plugin packer-provisioner-shell
2024/01/20 18:55:54 Starting plugin: /home/vscode/.asdf/installs/packer/1.10.0/bin/packer []string{"/home/vscode/.asdf/installs/packer/1.10.0/bin/packer", "plugin", "packer-provisioner-shell"}
2024/01/20 18:55:54 Waiting for RPC address for: /home/vscode/.asdf/installs/packer/1.10.0/bin/packer
2024/01/20 18:55:54 packer-provisioner-shell plugin: [INFO] Packer version: 1.10.0 [go1.20.11 linux amd64]
2024/01/20 18:55:54 packer-provisioner-shell plugin: [INFO] PACKER_CONFIG env var not set; checking the default config file path
2024/01/20 18:55:54 packer-provisioner-shell plugin: [INFO] PACKER_CONFIG env var set; attempting to open config file: /home/vscode/.packerconfig
2024/01/20 18:55:54 packer-provisioner-shell plugin: [WARN] Config file doesn't exist: /home/vscode/.packerconfig
2024/01/20 18:55:54 packer-provisioner-shell plugin: [INFO] Setting cache directory: /home/vscode/.cache/packer
2024/01/20 18:55:54 packer-provisioner-shell plugin: args: []string{"packer-provisioner-shell"}
2024/01/20 18:55:54 packer-provisioner-shell plugin: Plugin address: unix /tmp/packer-plugin302602279
2024/01/20 18:55:54 packer-provisioner-shell plugin: Waiting for connection...
2024/01/20 18:55:54 Received unix RPC address for /home/vscode/.asdf/installs/packer/1.10.0/bin/packer: addr is /tmp/packer-plugin302602279
2024/01/20 18:55:54 packer-provisioner-shell plugin: Serving a plugin connection...
2024/01/20 18:55:54 ui: [1;32mubuntu-server-2204.proxmox-iso.ubuntu-server-2204: output will be in this color.[0m
2024/01/20 18:55:54 ui: 
2024/01/20 18:55:54 Build debug mode: false
2024/01/20 18:55:54 Force build: false
2024/01/20 18:55:54 On error: ask
2024/01/20 18:55:54 Waiting on builds to complete...
2024/01/20 18:55:54 Starting build run: ubuntu-server-2204.proxmox-iso.ubuntu-server-2204
2024/01/20 18:55:54 Running builder: 
2024/01/20 18:55:54 [INFO] (telemetry) Starting builder proxmox-iso.ubuntu-server-2204
2024/01/20 18:55:54 packer-plugin-proxmox_v1.1.6_x5.0_linux_amd64 plugin: 2024/01/20 18:55:54 using token auth
2024/01/20 18:55:54 packer-plugin-proxmox_v1.1.6_x5.0_linux_amd64 plugin: 2024/01/20 18:55:54 No URLs were provided to Step Download. Continuing...
2024/01/20 18:55:54 ui: [1;32m==> ubuntu-server-2204.proxmox-iso.ubuntu-server-2204: Creating VM[0m
2024/01/20 18:55:56 ui: [1;32m==> ubuntu-server-2204.proxmox-iso.ubuntu-server-2204: Starting VM[0m
2024/01/20 18:55:58 packer-plugin-proxmox_v1.1.6_x5.0_linux_amd64 plugin: 2024/01/20 18:55:58 Found available port: 8236 on IP: 0.0.0.0
2024/01/20 18:55:58 ui: [1;32m==> ubuntu-server-2204.proxmox-iso.ubuntu-server-2204: Starting HTTP server on port 8236[0m
2024/01/20 18:55:58 ui: [1;32m==> ubuntu-server-2204.proxmox-iso.ubuntu-server-2204: Waiting 5s for boot[0m
2024/01/20 18:56:03 ui: [1;32m==> ubuntu-server-2204.proxmox-iso.ubuntu-server-2204: Typing the boot command[0m
2024/01/20 18:56:03 packer-plugin-proxmox_v1.1.6_x5.0_linux_amd64 plugin: 2024/01/20 18:56:03 [INFO] Waiting 1s
2024/01/20 18:56:04 packer-plugin-proxmox_v1.1.6_x5.0_linux_amd64 plugin: 2024/01/20 18:56:04 [INFO] Waiting 1s
2024/01/20 18:56:05 packer-plugin-proxmox_v1.1.6_x5.0_linux_amd64 plugin: 2024/01/20 18:56:05 [INFO] Waiting 1s
2024/01/20 18:56:07 packer-plugin-proxmox_v1.1.6_x5.0_linux_amd64 plugin: 2024/01/20 18:56:07 [INFO] Waiting 1s
2024/01/20 18:56:08 packer-plugin-proxmox_v1.1.6_x5.0_linux_amd64 plugin: 2024/01/20 18:56:08 [INFO] Waiting 1s
2024/01/20 18:56:12 packer-plugin-proxmox_v1.1.6_x5.0_linux_amd64 plugin: 2024/01/20 18:56:12 [DEBUG] Unable to get address during connection step: 500 QEMU guest agent is not running
2024/01/20 18:56:12 packer-plugin-proxmox_v1.1.6_x5.0_linux_amd64 plugin: 2024/01/20 18:56:12 [INFO] Waiting for SSH, up to timeout: 20m0s
2024/01/20 18:56:12 ui: [1;32m==> ubuntu-server-2204.proxmox-iso.ubuntu-server-2204: Waiting for SSH to become available...[0m
2024/01/20 18:56:15 packer-plugin-proxmox_v1.1.6_x5.0_linux_amd64 plugin: 2024/01/20 18:56:15 [DEBUG] Error getting SSH address: 500 QEMU guest agent is not running
2024/01/20 18:56:23 packer-plugin-proxmox_v1.1.6_x5.0_linux_amd64 plugin: 2024/01/20 18:56:23 [DEBUG] Error getting SSH address: 500 QEMU guest agent is not running
2024/01/20 18:56:31 packer-plugin-proxmox_v1.1.6_x5.0_linux_amd64 plugin: 2024/01/20 18:56:31 [DEBUG] Error getting SSH address: 500 QEMU guest agent is not running
2024/01/20 18:56:40 packer-plugin-proxmox_v1.1.6_x5.0_linux_amd64 plugin: 2024/01/20 18:56:40 [DEBUG] Error getting SSH address: 500 QEMU guest agent is not running
2024/01/20 18:56:48 packer-plugin-proxmox_v1.1.6_x5.0_linux_amd64 plugin: 2024/01/20 18:56:48 [DEBUG] Error getting SSH address: 500 QEMU guest agent is not running
2024/01/20 18:56:56 packer-plugin-proxmox_v1.1.6_x5.0_linux_amd64 plugin: 2024/01/20 18:56:56 [DEBUG] Error getting SSH address: 500 QEMU guest agent is not running
2024/01/20 18:57:04 packer-plugin-proxmox_v1.1.6_x5.0_linux_amd64 plugin: 2024/01/20 18:57:04 [DEBUG] Error getting SSH address: 500 QEMU guest agent is not running
2024/01/20 18:57:12 packer-plugin-proxmox_v1.1.6_x5.0_linux_amd64 plugin: 2024/01/20 18:57:12 [DEBUG] Error getting SSH address: 500 QEMU guest agent is not running
2024/01/20 18:57:20 packer-plugin-proxmox_v1.1.6_x5.0_linux_amd64 plugin: 2024/01/20 18:57:20 [DEBUG] Error getting SSH address: 500 QEMU guest agent is not running
2024/01/20 18:57:28 packer-plugin-proxmox_v1.1.6_x5.0_linux_amd64 plugin: 2024/01/20 18:57:28 [DEBUG] Error getting SSH address: 500 QEMU guest agent is not running
2024/01/20 18:57:36 packer-plugin-proxmox_v1.1.6_x5.0_linux_amd64 plugin: 2024/01/20 18:57:36 [DEBUG] Error getting SSH address: 500 QEMU guest agent is not running
2024/01/20 18:57:44 packer-plugin-proxmox_v1.1.6_x5.0_linux_amd64 plugin: 2024/01/20 18:57:44 [DEBUG] Error getting SSH address: 500 QEMU guest agent is not running
2024/01/20 18:57:52 packer-plugin-proxmox_v1.1.6_x5.0_linux_amd64 plugin: 2024/01/20 18:57:52 [DEBUG] Error getting SSH address: 500 QEMU guest agent is not running
2024/01/20 18:58:04 packer-plugin-proxmox_v1.1.6_x5.0_linux_amd64 plugin: 2024/01/20 18:58:04 [DEBUG] Error getting SSH address: 500 QEMU guest agent is not running
2024/01/20 18:58:13 packer-plugin-proxmox_v1.1.6_x5.0_linux_amd64 plugin: 2024/01/20 18:58:13 [DEBUG] Error getting SSH address: 500 QEMU guest agent is not running
2024/01/20 18:58:21 packer-plugin-proxmox_v1.1.6_x5.0_linux_amd64 plugin: 2024/01/20 18:58:21 [DEBUG] Error getting SSH address: 500 QEMU guest agent is not running
2024/01/20 18:58:29 packer-plugin-proxmox_v1.1.6_x5.0_linux_amd64 plugin: 2024/01/20 18:58:29 [DEBUG] Error getting SSH address: 500 QEMU guest agent is not running
2024/01/20 18:58:37 packer-plugin-proxmox_v1.1.6_x5.0_linux_amd64 plugin: 2024/01/20 18:58:37 [DEBUG] Error getting SSH address: 500 QEMU guest agent is not running
2024/01/20 18:58:45 packer-plugin-proxmox_v1.1.6_x5.0_linux_amd64 plugin: 2024/01/20 18:58:45 [DEBUG] Error getting SSH address: 500 QEMU guest agent is not running
2024/01/20 18:58:53 packer-plugin-proxmox_v1.1.6_x5.0_linux_amd64 plugin: 2024/01/20 18:58:53 [DEBUG] Error getting SSH address: 500 QEMU guest agent is not running
2024/01/20 18:59:01 packer-plugin-proxmox_v1.1.6_x5.0_linux_amd64 plugin: 2024/01/20 18:59:01 [DEBUG] Error getting SSH address: 500 QEMU guest agent is not running
2024/01/20 18:59:09 packer-plugin-proxmox_v1.1.6_x5.0_linux_amd64 plugin: 2024/01/20 18:59:09 [DEBUG] Error getting SSH address: 500 QEMU guest agent is not running
2024/01/20 18:59:17 packer-plugin-proxmox_v1.1.6_x5.0_linux_amd64 plugin: 2024/01/20 18:59:17 [DEBUG] Error getting SSH address: 500 QEMU guest agent is not running
2024/01/20 18:59:25 packer-plugin-proxmox_v1.1.6_x5.0_linux_amd64 plugin: 2024/01/20 18:59:25 [DEBUG] Error getting SSH address: 500 QEMU guest agent is not running
2024/01/20 18:59:33 packer-plugin-proxmox_v1.1.6_x5.0_linux_amd64 plugin: 2024/01/20 18:59:33 [DEBUG] Error getting SSH address: 500 QEMU guest agent is not running
2024/01/20 18:59:41 packer-plugin-proxmox_v1.1.6_x5.0_linux_amd64 plugin: 2024/01/20 18:59:41 [DEBUG] Error getting SSH address: 500 QEMU guest agent is not running
2024/01/20 18:59:49 packer-plugin-proxmox_v1.1.6_x5.0_linux_amd64 plugin: 2024/01/20 18:59:49 [DEBUG] Error getting SSH address: 500 QEMU guest agent is not running
2024/01/20 18:59:57 packer-plugin-proxmox_v1.1.6_x5.0_linux_amd64 plugin: 2024/01/20 18:59:57 [DEBUG] Error getting SSH address: 500 QEMU guest agent is not running
2024/01/20 19:00:05 packer-plugin-proxmox_v1.1.6_x5.0_linux_amd64 plugin: 2024/01/20 19:00:05 [DEBUG] Error getting SSH address: 500 QEMU guest agent is not running
2024/01/20 19:00:13 packer-plugin-proxmox_v1.1.6_x5.0_linux_amd64 plugin: 2024/01/20 19:00:13 [DEBUG] Error getting SSH address: 500 QEMU guest agent is not running
2024/01/20 19:00:21 packer-plugin-proxmox_v1.1.6_x5.0_linux_amd64 plugin: 2024/01/20 19:00:21 [DEBUG] Error getting SSH address: 500 QEMU guest agent is not running
2024/01/20 19:00:29 packer-plugin-proxmox_v1.1.6_x5.0_linux_amd64 plugin: 2024/01/20 19:00:29 [DEBUG] Error getting SSH address: 500 QEMU guest agent is not running
2024/01/20 19:00:37 packer-plugin-proxmox_v1.1.6_x5.0_linux_amd64 plugin: 2024/01/20 19:00:37 [DEBUG] Error getting SSH address: 500 QEMU guest agent is not running
2024/01/20 19:00:45 packer-plugin-proxmox_v1.1.6_x5.0_linux_amd64 plugin: 2024/01/20 19:00:45 [DEBUG] Error getting SSH address: 500 QEMU guest agent is not running
2024/01/20 19:00:53 packer-plugin-proxmox_v1.1.6_x5.0_linux_amd64 plugin: 2024/01/20 19:00:53 [DEBUG] Error getting SSH address: 500 QEMU guest agent is not running
2024/01/20 19:01:01 packer-plugin-proxmox_v1.1.6_x5.0_linux_amd64 plugin: 2024/01/20 19:01:01 [DEBUG] Error getting SSH address: 500 QEMU guest agent is not running
2024/01/20 19:01:09 packer-plugin-proxmox_v1.1.6_x5.0_linux_amd64 plugin: 2024/01/20 19:01:09 [DEBUG] Error getting SSH address: 500 QEMU guest agent is not running
2024/01/20 19:01:17 packer-plugin-proxmox_v1.1.6_x5.0_linux_amd64 plugin: 2024/01/20 19:01:17 [DEBUG] Error getting SSH address: 500 QEMU guest agent is not running
2024/01/20 19:01:25 packer-plugin-proxmox_v1.1.6_x5.0_linux_amd64 plugin: 2024/01/20 19:01:25 [DEBUG] Error getting SSH address: 500 QEMU guest agent is not running
2024/01/20 19:01:33 packer-plugin-proxmox_v1.1.6_x5.0_linux_amd64 plugin: 2024/01/20 19:01:33 [DEBUG] Error getting SSH address: 500 QEMU guest agent is not running
2024/01/20 19:01:41 packer-plugin-proxmox_v1.1.6_x5.0_linux_amd64 plugin: 2024/01/20 19:01:41 [DEBUG] Error getting SSH address: 500 QEMU guest agent is not running
2024/01/20 19:01:49 packer-plugin-proxmox_v1.1.6_x5.0_linux_amd64 plugin: 2024/01/20 19:01:49 [DEBUG] Error getting SSH address: 500 QEMU guest agent is not running
2024/01/20 19:01:57 packer-plugin-proxmox_v1.1.6_x5.0_linux_amd64 plugin: 2024/01/20 19:01:57 [DEBUG] Error getting SSH address: 500 QEMU guest agent is not running
2024/01/20 19:02:05 packer-plugin-proxmox_v1.1.6_x5.0_linux_amd64 plugin: 2024/01/20 19:02:05 [DEBUG] Error getting SSH address: 500 QEMU guest agent is not running
2024/01/20 19:02:13 packer-plugin-proxmox_v1.1.6_x5.0_linux_amd64 plugin: 2024/01/20 19:02:13 [DEBUG] Error getting SSH address: 500 QEMU guest agent is not running
2024/01/20 19:02:21 packer-plugin-proxmox_v1.1.6_x5.0_linux_amd64 plugin: 2024/01/20 19:02:21 [DEBUG] Error getting SSH address: 500 QEMU guest agent is not running
2024/01/20 19:02:29 packer-plugin-proxmox_v1.1.6_x5.0_linux_amd64 plugin: 2024/01/20 19:02:29 [DEBUG] Error getting SSH address: 500 QEMU guest agent is not running
2024/01/20 19:02:38 packer-plugin-proxmox_v1.1.6_x5.0_linux_amd64 plugin: 2024/01/20 19:02:38 [DEBUG] Error getting SSH address: 500 QEMU guest agent is not running
2024/01/20 19:02:46 packer-plugin-proxmox_v1.1.6_x5.0_linux_amd64 plugin: 2024/01/20 19:02:46 [DEBUG] Error getting SSH address: 500 QEMU guest agent is not running
2024/01/20 19:02:54 packer-plugin-proxmox_v1.1.6_x5.0_linux_amd64 plugin: 2024/01/20 19:02:54 [DEBUG] Error getting SSH address: 500 QEMU guest agent is not running
2024/01/20 19:03:02 packer-plugin-proxmox_v1.1.6_x5.0_linux_amd64 plugin: 2024/01/20 19:03:02 [DEBUG] Error getting SSH address: 500 QEMU guest agent is not running
2024/01/20 19:03:10 packer-plugin-proxmox_v1.1.6_x5.0_linux_amd64 plugin: 2024/01/20 19:03:10 [DEBUG] Error getting SSH address: 500 QEMU guest agent is not running
2024/01/20 19:03:18 packer-plugin-proxmox_v1.1.6_x5.0_linux_amd64 plugin: 2024/01/20 19:03:18 [DEBUG] Error getting SSH address: 500 QEMU guest agent is not running
2024/01/20 19:03:26 packer-plugin-proxmox_v1.1.6_x5.0_linux_amd64 plugin: 2024/01/20 19:03:26 [DEBUG] Error getting SSH address: 500 QEMU guest agent is not running
2024/01/20 19:03:35 packer-plugin-proxmox_v1.1.6_x5.0_linux_amd64 plugin: 2024/01/20 19:03:35 [DEBUG] Error getting SSH address: 500 QEMU guest agent is not running
2024/01/20 19:03:43 packer-plugin-proxmox_v1.1.6_x5.0_linux_amd64 plugin: 2024/01/20 19:03:43 [DEBUG] Error getting SSH address: 500 QEMU guest agent is not running
2024/01/20 19:03:51 packer-plugin-proxmox_v1.1.6_x5.0_linux_amd64 plugin: 2024/01/20 19:03:51 [DEBUG] Error getting SSH address: 500 QEMU guest agent is not running
2024/01/20 19:03:59 packer-plugin-proxmox_v1.1.6_x5.0_linux_amd64 plugin: 2024/01/20 19:03:59 [DEBUG] Error getting SSH address: 500 QEMU guest agent is not running
2024/01/20 19:04:07 packer-plugin-proxmox_v1.1.6_x5.0_linux_amd64 plugin: 2024/01/20 19:04:07 [DEBUG] Error getting SSH address: 500 QEMU guest agent is not running
2024/01/20 19:04:15 packer-plugin-proxmox_v1.1.6_x5.0_linux_amd64 plugin: 2024/01/20 19:04:15 [DEBUG] Error getting SSH address: 500 QEMU guest agent is not running
2024/01/20 19:04:23 packer-plugin-proxmox_v1.1.6_x5.0_linux_amd64 plugin: 2024/01/20 19:04:23 [DEBUG] Error getting SSH address: 500 QEMU guest agent is not running
2024/01/20 19:04:31 packer-plugin-proxmox_v1.1.6_x5.0_linux_amd64 plugin: 2024/01/20 19:04:31 [DEBUG] Error getting SSH address: 500 QEMU guest agent is not running
2024/01/20 19:04:39 packer-plugin-proxmox_v1.1.6_x5.0_linux_amd64 plugin: 2024/01/20 19:04:39 [DEBUG] Error getting SSH address: 500 QEMU guest agent is not running
2024/01/20 19:04:47 packer-plugin-proxmox_v1.1.6_x5.0_linux_amd64 plugin: 2024/01/20 19:04:47 [DEBUG] Error getting SSH address: 500 QEMU guest agent is not running
2024/01/20 19:04:55 packer-plugin-proxmox_v1.1.6_x5.0_linux_amd64 plugin: 2024/01/20 19:04:55 [DEBUG] Error getting SSH address: 500 QEMU guest agent is not running
2024/01/20 19:05:03 packer-plugin-proxmox_v1.1.6_x5.0_linux_amd64 plugin: 2024/01/20 19:05:03 [DEBUG] Error getting SSH address: 500 QEMU guest agent is not running
2024/01/20 19:05:11 packer-plugin-proxmox_v1.1.6_x5.0_linux_amd64 plugin: 2024/01/20 19:05:11 [DEBUG] Error getting SSH address: 500 QEMU guest agent is not running
2024/01/20 19:05:19 packer-plugin-proxmox_v1.1.6_x5.0_linux_amd64 plugin: 2024/01/20 19:05:19 [DEBUG] Error getting SSH address: 500 QEMU guest agent is not running
2024/01/20 19:05:27 packer-plugin-proxmox_v1.1.6_x5.0_linux_amd64 plugin: 2024/01/20 19:05:27 [DEBUG] Error getting SSH address: 500 QEMU guest agent is not running
2024/01/20 19:05:35 packer-plugin-proxmox_v1.1.6_x5.0_linux_amd64 plugin: 2024/01/20 19:05:35 [DEBUG] Error getting SSH address: 500 QEMU guest agent is not running
2024/01/20 19:05:43 packer-plugin-proxmox_v1.1.6_x5.0_linux_amd64 plugin: 2024/01/20 19:05:43 [DEBUG] Error getting SSH address: 500 QEMU guest agent is not running
2024/01/20 19:05:51 packer-plugin-proxmox_v1.1.6_x5.0_linux_amd64 plugin: 2024/01/20 19:05:51 [DEBUG] Error getting SSH address: 500 QEMU guest agent is not running
2024/01/20 19:05:59 packer-plugin-proxmox_v1.1.6_x5.0_linux_amd64 plugin: 2024/01/20 19:05:59 [DEBUG] Error getting SSH address: 500 QEMU guest agent is not running
2024/01/20 19:06:07 packer-plugin-proxmox_v1.1.6_x5.0_linux_amd64 plugin: 2024/01/20 19:06:07 [DEBUG] Error getting SSH address: 500 QEMU guest agent is not running
2024/01/20 19:06:15 packer-plugin-proxmox_v1.1.6_x5.0_linux_amd64 plugin: 2024/01/20 19:06:15 [DEBUG] Error getting SSH address: 500 QEMU guest agent is not running
2024/01/20 19:06:23 packer-plugin-proxmox_v1.1.6_x5.0_linux_amd64 plugin: 2024/01/20 19:06:23 [DEBUG] Error getting SSH address: 500 QEMU guest agent is not running
2024/01/20 19:06:31 packer-plugin-proxmox_v1.1.6_x5.0_linux_amd64 plugin: 2024/01/20 19:06:31 [DEBUG] Error getting SSH address: 500 QEMU guest agent is not running
2024/01/20 19:06:39 packer-plugin-proxmox_v1.1.6_x5.0_linux_amd64 plugin: 2024/01/20 19:06:39 [DEBUG] Error getting SSH address: 500 QEMU guest agent is not running
2024/01/20 19:06:47 packer-plugin-proxmox_v1.1.6_x5.0_linux_amd64 plugin: 2024/01/20 19:06:47 [DEBUG] Error getting SSH address: 500 QEMU guest agent is not running
2024/01/20 19:06:55 packer-plugin-proxmox_v1.1.6_x5.0_linux_amd64 plugin: 2024/01/20 19:06:55 [DEBUG] Error getting SSH address: 500 QEMU guest agent is not running
2024/01/20 19:07:03 packer-plugin-proxmox_v1.1.6_x5.0_linux_amd64 plugin: 2024/01/20 19:07:03 [DEBUG] Error getting SSH address: 500 QEMU guest agent is not running
2024/01/20 19:07:11 packer-plugin-proxmox_v1.1.6_x5.0_linux_amd64 plugin: 2024/01/20 19:07:11 [DEBUG] Error getting SSH address: 500 QEMU guest agent is not running
2024/01/20 19:07:19 packer-plugin-proxmox_v1.1.6_x5.0_linux_amd64 plugin: 2024/01/20 19:07:19 [DEBUG] Error getting SSH address: 500 QEMU guest agent is not running
2024/01/20 19:07:27 packer-plugin-proxmox_v1.1.6_x5.0_linux_amd64 plugin: 2024/01/20 19:07:27 [DEBUG] Error getting SSH address: 500 QEMU guest agent is not running
2024/01/20 19:07:37 packer-plugin-proxmox_v1.1.6_x5.0_linux_amd64 plugin: 2024/01/20 19:07:37 [DEBUG] Error getting SSH address: 500 QEMU guest agent is not running
2024/01/20 19:07:45 packer-plugin-proxmox_v1.1.6_x5.0_linux_amd64 plugin: 2024/01/20 19:07:45 [DEBUG] Error getting SSH address: 500 QEMU guest agent is not running
2024/01/20 19:07:53 packer-plugin-proxmox_v1.1.6_x5.0_linux_amd64 plugin: 2024/01/20 19:07:53 [DEBUG] Error getting SSH address: 500 QEMU guest agent is not running
2024/01/20 19:08:01 packer-plugin-proxmox_v1.1.6_x5.0_linux_amd64 plugin: 2024/01/20 19:08:01 [DEBUG] Error getting SSH address: 500 QEMU guest agent is not running
2024/01/20 19:08:09 packer-plugin-proxmox_v1.1.6_x5.0_linux_amd64 plugin: 2024/01/20 19:08:09 [DEBUG] Error getting SSH address: 500 QEMU guest agent is not running
2024/01/20 19:08:17 packer-plugin-proxmox_v1.1.6_x5.0_linux_amd64 plugin: 2024/01/20 19:08:17 [DEBUG] Error getting SSH address: 500 QEMU guest agent is not running
2024/01/20 19:08:25 packer-plugin-proxmox_v1.1.6_x5.0_linux_amd64 plugin: 2024/01/20 19:08:25 [DEBUG] Error getting SSH address: 500 QEMU guest agent is not running
2024/01/20 19:08:33 packer-plugin-proxmox_v1.1.6_x5.0_linux_amd64 plugin: 2024/01/20 19:08:33 [DEBUG] Error getting SSH address: 500 QEMU guest agent is not running
2024/01/20 19:08:41 packer-plugin-proxmox_v1.1.6_x5.0_linux_amd64 plugin: 2024/01/20 19:08:41 [DEBUG] Error getting SSH address: 500 QEMU guest agent is not running
2024/01/20 19:08:49 packer-plugin-proxmox_v1.1.6_x5.0_linux_amd64 plugin: 2024/01/20 19:08:49 [DEBUG] Error getting SSH address: 500 QEMU guest agent is not running
2024/01/20 19:08:57 packer-plugin-proxmox_v1.1.6_x5.0_linux_amd64 plugin: 2024/01/20 19:08:57 [DEBUG] Error getting SSH address: 500 QEMU guest agent is not running
2024/01/20 19:09:05 packer-plugin-proxmox_v1.1.6_x5.0_linux_amd64 plugin: 2024/01/20 19:09:05 [DEBUG] Error getting SSH address: 500 QEMU guest agent is not running
2024/01/20 19:09:13 packer-plugin-proxmox_v1.1.6_x5.0_linux_amd64 plugin: 2024/01/20 19:09:13 [DEBUG] Error getting SSH address: 500 QEMU guest agent is not running
2024/01/20 19:09:21 packer-plugin-proxmox_v1.1.6_x5.0_linux_amd64 plugin: 2024/01/20 19:09:21 [DEBUG] Error getting SSH address: 500 QEMU guest agent is not running
2024/01/20 19:09:29 packer-plugin-proxmox_v1.1.6_x5.0_linux_amd64 plugin: 2024/01/20 19:09:29 [DEBUG] Error getting SSH address: 500 QEMU guest agent is not running
2024/01/20 19:09:37 packer-plugin-proxmox_v1.1.6_x5.0_linux_amd64 plugin: 2024/01/20 19:09:37 [DEBUG] Error getting SSH address: 500 QEMU guest agent is not running
2024/01/20 19:09:45 packer-plugin-proxmox_v1.1.6_x5.0_linux_amd64 plugin: 2024/01/20 19:09:45 [DEBUG] Error getting SSH address: 500 QEMU guest agent is not running
2024/01/20 19:09:53 packer-plugin-proxmox_v1.1.6_x5.0_linux_amd64 plugin: 2024/01/20 19:09:53 [DEBUG] Error getting SSH address: 500 QEMU guest agent is not running
2024/01/20 19:10:01 packer-plugin-proxmox_v1.1.6_x5.0_linux_amd64 plugin: 2024/01/20 19:10:01 [DEBUG] Error getting SSH address: 500 QEMU guest agent is not running
2024/01/20 19:10:09 packer-plugin-proxmox_v1.1.6_x5.0_linux_amd64 plugin: 2024/01/20 19:10:09 [DEBUG] Error getting SSH address: 500 QEMU guest agent is not running
2024/01/20 19:10:18 packer-plugin-proxmox_v1.1.6_x5.0_linux_amd64 plugin: 2024/01/20 19:10:18 [DEBUG] Error getting SSH address: 500 QEMU guest agent is not running
2024/01/20 19:10:26 packer-plugin-proxmox_v1.1.6_x5.0_linux_amd64 plugin: 2024/01/20 19:10:26 [DEBUG] Error getting SSH address: 500 QEMU guest agent is not running
2024/01/20 19:10:34 packer-plugin-proxmox_v1.1.6_x5.0_linux_amd64 plugin: 2024/01/20 19:10:34 [DEBUG] Error getting SSH address: 500 QEMU guest agent is not running
2024/01/20 19:10:42 packer-plugin-proxmox_v1.1.6_x5.0_linux_amd64 plugin: 2024/01/20 19:10:42 [DEBUG] Error getting SSH address: 500 QEMU guest agent is not running
2024/01/20 19:10:50 packer-plugin-proxmox_v1.1.6_x5.0_linux_amd64 plugin: 2024/01/20 19:10:50 [DEBUG] Error getting SSH address: 500 QEMU guest agent is not running
2024/01/20 19:10:58 packer-plugin-proxmox_v1.1.6_x5.0_linux_amd64 plugin: 2024/01/20 19:10:58 [DEBUG] Error getting SSH address: 500 QEMU guest agent is not running
2024/01/20 19:11:06 packer-plugin-proxmox_v1.1.6_x5.0_linux_amd64 plugin: 2024/01/20 19:11:06 [DEBUG] Error getting SSH address: 500 QEMU guest agent is not running
2024/01/20 19:11:14 packer-plugin-proxmox_v1.1.6_x5.0_linux_amd64 plugin: 2024/01/20 19:11:14 [DEBUG] Error getting SSH address: 500 QEMU guest agent is not running
2024/01/20 19:11:22 packer-plugin-proxmox_v1.1.6_x5.0_linux_amd64 plugin: 2024/01/20 19:11:22 [DEBUG] Error getting SSH address: 500 QEMU guest agent is not running
2024/01/20 19:11:30 packer-plugin-proxmox_v1.1.6_x5.0_linux_amd64 plugin: 2024/01/20 19:11:30 [DEBUG] Error getting SSH address: 500 QEMU guest agent is not running
2024/01/20 19:11:38 packer-plugin-proxmox_v1.1.6_x5.0_linux_amd64 plugin: 2024/01/20 19:11:38 [DEBUG] Error getting SSH address: 500 QEMU guest agent is not running
2024/01/20 19:11:46 packer-plugin-proxmox_v1.1.6_x5.0_linux_amd64 plugin: 2024/01/20 19:11:46 [DEBUG] Error getting SSH address: 500 QEMU guest agent is not running
2024/01/20 19:11:54 packer-plugin-proxmox_v1.1.6_x5.0_linux_amd64 plugin: 2024/01/20 19:11:54 [DEBUG] Error getting SSH address: 500 QEMU guest agent is not running
2024/01/20 19:12:02 packer-plugin-proxmox_v1.1.6_x5.0_linux_amd64 plugin: 2024/01/20 19:12:02 [DEBUG] Error getting SSH address: 500 QEMU guest agent is not running
2024/01/20 19:12:10 packer-plugin-proxmox_v1.1.6_x5.0_linux_amd64 plugin: 2024/01/20 19:12:10 [DEBUG] Error getting SSH address: 500 QEMU guest agent is not running
2024/01/20 19:12:18 packer-plugin-proxmox_v1.1.6_x5.0_linux_amd64 plugin: 2024/01/20 19:12:18 [DEBUG] Error getting SSH address: 500 QEMU guest agent is not running
2024/01/20 19:12:26 packer-plugin-proxmox_v1.1.6_x5.0_linux_amd64 plugin: 2024/01/20 19:12:26 [DEBUG] Error getting SSH address: 500 QEMU guest agent is not running
2024/01/20 19:12:34 packer-plugin-proxmox_v1.1.6_x5.0_linux_amd64 plugin: 2024/01/20 19:12:34 [DEBUG] Error getting SSH address: 500 QEMU guest agent is not running
2024/01/20 19:12:42 packer-plugin-proxmox_v1.1.6_x5.0_linux_amd64 plugin: 2024/01/20 19:12:42 [DEBUG] Error getting SSH address: 500 QEMU guest agent is not running
2024/01/20 19:12:50 packer-plugin-proxmox_v1.1.6_x5.0_linux_amd64 plugin: 2024/01/20 19:12:50 [DEBUG] Error getting SSH address: 500 QEMU guest agent is not running
2024/01/20 19:12:58 packer-plugin-proxmox_v1.1.6_x5.0_linux_amd64 plugin: 2024/01/20 19:12:58 [DEBUG] Error getting SSH address: 500 QEMU guest agent is not running
2024/01/20 19:13:06 packer-plugin-proxmox_v1.1.6_x5.0_linux_amd64 plugin: 2024/01/20 19:13:06 [DEBUG] Error getting SSH address: 500 QEMU guest agent is not running
2024/01/20 19:13:14 packer-plugin-proxmox_v1.1.6_x5.0_linux_amd64 plugin: 2024/01/20 19:13:14 [DEBUG] Error getting SSH address: 500 QEMU guest agent is not running
2024/01/20 19:13:22 packer-plugin-proxmox_v1.1.6_x5.0_linux_amd64 plugin: 2024/01/20 19:13:22 [DEBUG] Error getting SSH address: 500 QEMU guest agent is not running
2024/01/20 19:13:30 packer-plugin-proxmox_v1.1.6_x5.0_linux_amd64 plugin: 2024/01/20 19:13:30 [DEBUG] Error getting SSH address: 500 QEMU guest agent is not running
2024/01/20 19:13:38 packer-plugin-proxmox_v1.1.6_x5.0_linux_amd64 plugin: 2024/01/20 19:13:38 [DEBUG] Error getting SSH address: 500 QEMU guest agent is not running
2024/01/20 19:13:46 packer-plugin-proxmox_v1.1.6_x5.0_linux_amd64 plugin: 2024/01/20 19:13:46 [DEBUG] Error getting SSH address: 500 QEMU guest agent is not running
2024/01/20 19:13:54 packer-plugin-proxmox_v1.1.6_x5.0_linux_amd64 plugin: 2024/01/20 19:13:54 [DEBUG] Error getting SSH address: 500 QEMU guest agent is not running
2024/01/20 19:14:02 packer-plugin-proxmox_v1.1.6_x5.0_linux_amd64 plugin: 2024/01/20 19:14:02 [DEBUG] Error getting SSH address: 500 QEMU guest agent is not running
2024/01/20 19:14:10 packer-plugin-proxmox_v1.1.6_x5.0_linux_amd64 plugin: 2024/01/20 19:14:10 [DEBUG] Error getting SSH address: 500 QEMU guest agent is not running
2024/01/20 19:14:18 packer-plugin-proxmox_v1.1.6_x5.0_linux_amd64 plugin: 2024/01/20 19:14:18 [DEBUG] Error getting SSH address: 500 QEMU guest agent is not running
2024/01/20 19:14:26 packer-plugin-proxmox_v1.1.6_x5.0_linux_amd64 plugin: 2024/01/20 19:14:26 [DEBUG] Error getting SSH address: 500 QEMU guest agent is not running
2024/01/20 19:14:34 packer-plugin-proxmox_v1.1.6_x5.0_linux_amd64 plugin: 2024/01/20 19:14:34 [DEBUG] Error getting SSH address: 500 QEMU guest agent is not running
2024/01/20 19:14:42 packer-plugin-proxmox_v1.1.6_x5.0_linux_amd64 plugin: 2024/01/20 19:14:42 [DEBUG] Error getting SSH address: 500 QEMU guest agent is not running
2024/01/20 19:14:50 packer-plugin-proxmox_v1.1.6_x5.0_linux_amd64 plugin: 2024/01/20 19:14:50 [DEBUG] Error getting SSH address: 500 QEMU guest agent is not running
2024/01/20 19:14:58 packer-plugin-proxmox_v1.1.6_x5.0_linux_amd64 plugin: 2024/01/20 19:14:58 [DEBUG] Error getting SSH address: 500 QEMU guest agent is not running
2024/01/20 19:15:06 packer-plugin-proxmox_v1.1.6_x5.0_linux_amd64 plugin: 2024/01/20 19:15:06 [DEBUG] Error getting SSH address: 500 QEMU guest agent is not running
2024/01/20 19:15:14 packer-plugin-proxmox_v1.1.6_x5.0_linux_amd64 plugin: 2024/01/20 19:15:14 [DEBUG] Error getting SSH address: 500 QEMU guest agent is not running
2024/01/20 19:15:22 packer-plugin-proxmox_v1.1.6_x5.0_linux_amd64 plugin: 2024/01/20 19:15:22 [DEBUG] Error getting SSH address: 500 QEMU guest agent is not running
2024/01/20 19:15:30 packer-plugin-proxmox_v1.1.6_x5.0_linux_amd64 plugin: 2024/01/20 19:15:30 [DEBUG] Error getting SSH address: 500 QEMU guest agent is not running
2024/01/20 19:15:38 packer-plugin-proxmox_v1.1.6_x5.0_linux_amd64 plugin: 2024/01/20 19:15:38 [DEBUG] Error getting SSH address: 500 QEMU guest agent is not running
2024/01/20 19:15:46 packer-plugin-proxmox_v1.1.6_x5.0_linux_amd64 plugin: 2024/01/20 19:15:46 [DEBUG] Error getting SSH address: 500 QEMU guest agent is not running
2024/01/20 19:15:55 packer-plugin-proxmox_v1.1.6_x5.0_linux_amd64 plugin: 2024/01/20 19:15:55 [DEBUG] Error getting SSH address: 500 QEMU guest agent is not running
2024/01/20 19:16:03 packer-plugin-proxmox_v1.1.6_x5.0_linux_amd64 plugin: 2024/01/20 19:16:03 [DEBUG] Error getting SSH address: 500 QEMU guest agent is not running
2024/01/20 19:16:11 packer-plugin-proxmox_v1.1.6_x5.0_linux_amd64 plugin: 2024/01/20 19:16:11 [DEBUG] Error getting SSH address: 500 QEMU guest agent is not running
2024/01/20 19:16:12 ui error: [1;31m==> ubuntu-server-2204.proxmox-iso.ubuntu-server-2204: Timeout waiting for SSH.[0m
2024/01/20 19:16:12 ui error: [1;31m==> ubuntu-server-2204.proxmox-iso.ubuntu-server-2204: Timeout waiting for SSH.[0m
2024/01/20 19:16:12 packer-plugin-proxmox_v1.1.6_x5.0_linux_amd64 plugin: 2024/01/20 19:16:12 [DEBUG] SSH wait cancelled. Exiting loop.
2024/01/20 19:16:12 ui: [1;32m==> ubuntu-server-2204.proxmox-iso.ubuntu-server-2204: Step "StepConnect" failed[0m
2024/01/20 19:16:12 ui: ask: [1;32m==> ubuntu-server-2204.proxmox-iso.ubuntu-server-2204: [c] Clean up and exit, [a] abort without cleanup, or [r] retry step (build may fail even if retry succeeds)?[0m
2024/01/20 19:16:29 packer-plugin-proxmox_v1.1.6_x5.0_linux_amd64 plugin: 2024/01/20 19:16:29 [DEBUG] Unable to get address during connection step: 500 QEMU guest agent is not running
2024/01/20 19:16:29 packer-plugin-proxmox_v1.1.6_x5.0_linux_amd64 plugin: 2024/01/20 19:16:29 [INFO] Waiting for SSH, up to timeout: 20m0s
2024/01/20 19:16:29 ui: [1;32m==> ubuntu-server-2204.proxmox-iso.ubuntu-server-2204: Waiting for SSH to become available...[0m
2024/01/20 19:16:32 packer-plugin-proxmox_v1.1.6_x5.0_linux_amd64 plugin: 2024/01/20 19:16:32 [DEBUG] Error getting SSH address: 500 QEMU guest agent is not running
2024/01/20 19:16:40 packer-plugin-proxmox_v1.1.6_x5.0_linux_amd64 plugin: 2024/01/20 19:16:40 [DEBUG] Error getting SSH address: 500 QEMU guest agent is not running
2024/01/20 19:16:48 packer-plugin-proxmox_v1.1.6_x5.0_linux_amd64 plugin: 2024/01/20 19:16:48 [DEBUG] Error getting SSH address: 500 QEMU guest agent is not running
2024/01/20 19:16:56 packer-plugin-proxmox_v1.1.6_x5.0_linux_amd64 plugin: 2024/01/20 19:16:56 [DEBUG] Error getting SSH address: 500 QEMU guest agent is not running
2024/01/20 19:17:04 packer-plugin-proxmox_v1.1.6_x5.0_linux_amd64 plugin: 2024/01/20 19:17:04 [DEBUG] Error getting SSH address: 500 QEMU guest agent is not running
2024/01/20 19:17:12 packer-plugin-proxmox_v1.1.6_x5.0_linux_amd64 plugin: 2024/01/20 19:17:12 [DEBUG] Error getting SSH address: 500 QEMU guest agent is not running
2024/01/20 19:17:20 packer-plugin-proxmox_v1.1.6_x5.0_linux_amd64 plugin: 2024/01/20 19:17:20 [DEBUG] Error getting SSH address: 500 QEMU guest agent is not running
2024/01/20 19:17:28 packer-plugin-proxmox_v1.1.6_x5.0_linux_amd64 plugin: 2024/01/20 19:17:28 [DEBUG] Error getting SSH address: 500 QEMU guest agent is not running
2024/01/20 19:17:38 packer-plugin-proxmox_v1.1.6_x5.0_linux_amd64 plugin: 2024/01/20 19:17:38 [DEBUG] Error getting SSH address: 500 QEMU guest agent is not running
2024/01/20 19:17:46 packer-plugin-proxmox_v1.1.6_x5.0_linux_amd64 plugin: 2024/01/20 19:17:46 [DEBUG] Error getting SSH address: 500 QEMU guest agent is not running
2024/01/20 19:17:54 packer-plugin-proxmox_v1.1.6_x5.0_linux_amd64 plugin: 2024/01/20 19:17:54 [DEBUG] Error getting SSH address: 500 QEMU guest agent is not running
2024/01/20 19:18:02 packer-plugin-proxmox_v1.1.6_x5.0_linux_amd64 plugin: 2024/01/20 19:18:02 [DEBUG] Error getting SSH address: 500 QEMU guest agent is not running
2024/01/20 19:18:10 packer-plugin-proxmox_v1.1.6_x5.0_linux_amd64 plugin: 2024/01/20 19:18:10 [DEBUG] Error getting SSH address: 500 QEMU guest agent is not running
2024/01/20 19:18:18 packer-plugin-proxmox_v1.1.6_x5.0_linux_amd64 plugin: 2024/01/20 19:18:18 [DEBUG] Error getting SSH address: 500 QEMU guest agent is not running
2024/01/20 19:18:26 packer-plugin-proxmox_v1.1.6_x5.0_linux_amd64 plugin: 2024/01/20 19:18:26 [DEBUG] Error getting SSH address: 500 QEMU guest agent is not running
2024/01/20 19:18:34 packer-plugin-proxmox_v1.1.6_x5.0_linux_amd64 plugin: 2024/01/20 19:18:34 [DEBUG] Error getting SSH address: 500 QEMU guest agent is not running
2024/01/20 19:18:42 packer-plugin-proxmox_v1.1.6_x5.0_linux_amd64 plugin: 2024/01/20 19:18:42 [DEBUG] Error getting SSH address: 500 QEMU guest agent is not running
2024/01/20 19:18:50 packer-plugin-proxmox_v1.1.6_x5.0_linux_amd64 plugin: 2024/01/20 19:18:50 [DEBUG] Error getting SSH address: 500 QEMU guest agent is not running
2024/01/20 19:18:58 packer-plugin-proxmox_v1.1.6_x5.0_linux_amd64 plugin: 2024/01/20 19:18:58 [DEBUG] Error getting SSH address: 500 QEMU guest agent is not running
2024/01/20 19:19:06 packer-plugin-proxmox_v1.1.6_x5.0_linux_amd64 plugin: 2024/01/20 19:19:06 [DEBUG] Error getting SSH address: 500 QEMU guest agent is not running
2024/01/20 19:19:14 packer-plugin-proxmox_v1.1.6_x5.0_linux_amd64 plugin: 2024/01/20 19:19:14 [DEBUG] Error getting SSH address: 500 QEMU guest agent is not running
2024/01/20 19:19:22 packer-plugin-proxmox_v1.1.6_x5.0_linux_amd64 plugin: 2024/01/20 19:19:22 [DEBUG] Error getting SSH address: 500 QEMU guest agent is not running
2024/01/20 19:19:30 packer-plugin-proxmox_v1.1.6_x5.0_linux_amd64 plugin: 2024/01/20 19:19:30 [DEBUG] Error getting SSH address: 500 QEMU guest agent is not running
2024/01/20 19:19:39 packer-plugin-proxmox_v1.1.6_x5.0_linux_amd64 plugin: 2024/01/20 19:19:39 [DEBUG] Error getting SSH address: 500 QEMU guest agent is not running
2024/01/20 19:19:47 packer-plugin-proxmox_v1.1.6_x5.0_linux_amd64 plugin: 2024/01/20 19:19:47 [DEBUG] Error getting SSH address: 500 QEMU guest agent is not running
2024/01/20 19:19:55 packer-plugin-proxmox_v1.1.6_x5.0_linux_amd64 plugin: 2024/01/20 19:19:55 [DEBUG] Error getting SSH address: 500 QEMU guest agent is not running
2024/01/20 19:20:03 packer-plugin-proxmox_v1.1.6_x5.0_linux_amd64 plugin: 2024/01/20 19:20:03 [DEBUG] Error getting SSH address: 500 QEMU guest agent is not running
2024/01/20 19:20:11 packer-plugin-proxmox_v1.1.6_x5.0_linux_amd64 plugin: 2024/01/20 19:20:11 [DEBUG] Error getting SSH address: 500 QEMU guest agent is not running
2024/01/20 19:20:19 packer-plugin-proxmox_v1.1.6_x5.0_linux_amd64 plugin: 2024/01/20 19:20:19 [DEBUG] Error getting SSH address: 500 QEMU guest agent is not running
2024/01/20 19:20:27 packer-plugin-proxmox_v1.1.6_x5.0_linux_amd64 plugin: 2024/01/20 19:20:27 [DEBUG] Error getting SSH address: 500 QEMU guest agent is not running
2024/01/20 19:20:35 packer-plugin-proxmox_v1.1.6_x5.0_linux_amd64 plugin: 2024/01/20 19:20:35 [DEBUG] Error getting SSH address: 500 QEMU guest agent is not running
2024/01/20 19:20:43 packer-plugin-proxmox_v1.1.6_x5.0_linux_amd64 plugin: 2024/01/20 19:20:43 [DEBUG] Error getting SSH address: 500 QEMU guest agent is not running
2024/01/20 19:20:51 packer-plugin-proxmox_v1.1.6_x5.0_linux_amd64 plugin: 2024/01/20 19:20:51 [DEBUG] Error getting SSH address: 500 QEMU guest agent is not running
2024/01/20 19:20:59 packer-plugin-proxmox_v1.1.6_x5.0_linux_amd64 plugin: 2024/01/20 19:20:59 [DEBUG] Error getting SSH address: 500 QEMU guest agent is not running
2024/01/20 19:21:07 packer-plugin-proxmox_v1.1.6_x5.0_linux_amd64 plugin: 2024/01/20 19:21:07 [DEBUG] Error getting SSH address: 500 QEMU guest agent is not running
2024/01/20 19:21:15 packer-plugin-proxmox_v1.1.6_x5.0_linux_amd64 plugin: 2024/01/20 19:21:15 [DEBUG] Error getting SSH address: 500 QEMU guest agent is not running
2024/01/20 19:21:23 packer-plugin-proxmox_v1.1.6_x5.0_linux_amd64 plugin: 2024/01/20 19:21:23 [DEBUG] Error getting SSH address: 500 QEMU guest agent is not running
2024/01/20 19:21:31 packer-plugin-proxmox_v1.1.6_x5.0_linux_amd64 plugin: 2024/01/20 19:21:31 [DEBUG] Error getting SSH address: 500 QEMU guest agent is not running
2024/01/20 19:21:39 packer-plugin-proxmox_v1.1.6_x5.0_linux_amd64 plugin: 2024/01/20 19:21:39 [DEBUG] Error getting SSH address: 500 QEMU guest agent is not running
2024/01/20 19:21:47 packer-plugin-proxmox_v1.1.6_x5.0_linux_amd64 plugin: 2024/01/20 19:21:47 [DEBUG] Error getting SSH address: 500 QEMU guest agent is not running
2024/01/20 19:21:55 packer-plugin-proxmox_v1.1.6_x5.0_linux_amd64 plugin: 2024/01/20 19:21:55 [DEBUG] Error getting SSH address: 500 QEMU guest agent is not running
2024/01/20 19:22:03 packer-plugin-proxmox_v1.1.6_x5.0_linux_amd64 plugin: 2024/01/20 19:22:03 [DEBUG] Error getting SSH address: 500 QEMU guest agent is not running
2024/01/20 19:22:11 packer-plugin-proxmox_v1.1.6_x5.0_linux_amd64 plugin: 2024/01/20 19:22:11 [DEBUG] Error getting SSH address: 500 QEMU guest agent is not running
2024/01/20 19:22:19 packer-plugin-proxmox_v1.1.6_x5.0_linux_amd64 plugin: 2024/01/20 19:22:19 [DEBUG] Error getting SSH address: 500 QEMU guest agent is not running
2024/01/20 19:22:27 packer-plugin-proxmox_v1.1.6_x5.0_linux_amd64 plugin: 2024/01/20 19:22:27 [DEBUG] Error getting SSH address: 500 QEMU guest agent is not running
2024/01/20 19:22:35 packer-plugin-proxmox_v1.1.6_x5.0_linux_amd64 plugin: 2024/01/20 19:22:35 [DEBUG] Error getting SSH address: 500 QEMU guest agent is not running
2024/01/20 19:22:43 packer-plugin-proxmox_v1.1.6_x5.0_linux_amd64 plugin: 2024/01/20 19:22:43 [DEBUG] Error getting SSH address: 500 QEMU guest agent is not running
2024/01/20 19:22:51 packer-plugin-proxmox_v1.1.6_x5.0_linux_amd64 plugin: 2024/01/20 19:22:51 [DEBUG] Error getting SSH address: 500 QEMU guest agent is not running
2024/01/20 19:22:59 packer-plugin-proxmox_v1.1.6_x5.0_linux_amd64 plugin: 2024/01/20 19:22:59 [DEBUG] Error getting SSH address: 500 QEMU guest agent is not running
2024/01/20 19:23:07 packer-plugin-proxmox_v1.1.6_x5.0_linux_amd64 plugin: 2024/01/20 19:23:07 [DEBUG] Error getting SSH address: 500 QEMU guest agent is not running
2024/01/20 19:23:15 packer-plugin-proxmox_v1.1.6_x5.0_linux_amd64 plugin: 2024/01/20 19:23:15 [DEBUG] Error getting SSH address: 500 QEMU guest agent is not running
2024/01/20 19:23:23 packer-plugin-proxmox_v1.1.6_x5.0_linux_amd64 plugin: 2024/01/20 19:23:23 [DEBUG] Error getting SSH address: 500 QEMU guest agent is not running
2024/01/20 19:23:31 packer-plugin-proxmox_v1.1.6_x5.0_linux_amd64 plugin: 2024/01/20 19:23:31 [DEBUG] Error getting SSH address: 500 QEMU guest agent is not running
2024/01/20 19:23:39 packer-plugin-proxmox_v1.1.6_x5.0_linux_amd64 plugin: 2024/01/20 19:23:39 [DEBUG] Error getting SSH address: 500 QEMU guest agent is not running
2024/01/20 19:23:47 packer-plugin-proxmox_v1.1.6_x5.0_linux_amd64 plugin: 2024/01/20 19:23:47 [DEBUG] Error getting SSH address: 500 QEMU guest agent is not running
2024/01/20 19:23:56 packer-plugin-proxmox_v1.1.6_x5.0_linux_amd64 plugin: 2024/01/20 19:23:56 [DEBUG] Error getting SSH address: 500 QEMU guest agent is not running
2024/01/20 19:24:04 packer-plugin-proxmox_v1.1.6_x5.0_linux_amd64 plugin: 2024/01/20 19:24:04 [DEBUG] Error getting SSH address: 500 QEMU guest agent is not running
2024/01/20 19:24:12 packer-plugin-proxmox_v1.1.6_x5.0_linux_amd64 plugin: 2024/01/20 19:24:12 [DEBUG] Error getting SSH address: 500 QEMU guest agent is not running
2024/01/20 19:24:20 packer-plugin-proxmox_v1.1.6_x5.0_linux_amd64 plugin: 2024/01/20 19:24:20 [DEBUG] Error getting SSH address: 500 QEMU guest agent is not running
2024/01/20 19:24:28 packer-plugin-proxmox_v1.1.6_x5.0_linux_amd64 plugin: 2024/01/20 19:24:28 [DEBUG] Error getting SSH address: 500 QEMU guest agent is not running
2024/01/20 19:24:36 packer-plugin-proxmox_v1.1.6_x5.0_linux_amd64 plugin: 2024/01/20 19:24:36 [DEBUG] Error getting SSH address: 500 QEMU guest agent is not running
2024/01/20 19:24:44 packer-plugin-proxmox_v1.1.6_x5.0_linux_amd64 plugin: 2024/01/20 19:24:44 [DEBUG] Error getting SSH address: 500 QEMU guest agent is not running
2024/01/20 19:24:52 packer-plugin-proxmox_v1.1.6_x5.0_linux_amd64 plugin: 2024/01/20 19:24:52 [DEBUG] Error getting SSH address: 500 QEMU guest agent is not running
2024/01/20 19:25:00 packer-plugin-proxmox_v1.1.6_x5.0_linux_amd64 plugin: 2024/01/20 19:25:00 [DEBUG] Error getting SSH address: 500 QEMU guest agent is not running
2024/01/20 19:25:08 packer-plugin-proxmox_v1.1.6_x5.0_linux_amd64 plugin: 2024/01/20 19:25:08 [DEBUG] Error getting SSH address: 500 QEMU guest agent is not running
2024/01/20 19:25:16 packer-plugin-proxmox_v1.1.6_x5.0_linux_amd64 plugin: 2024/01/20 19:25:16 [DEBUG] Error getting SSH address: 500 QEMU guest agent is not running
2024/01/20 19:25:24 packer-plugin-proxmox_v1.1.6_x5.0_linux_amd64 plugin: 2024/01/20 19:25:24 [DEBUG] Error getting SSH address: 500 QEMU guest agent is not running
2024/01/20 19:25:32 packer-plugin-proxmox_v1.1.6_x5.0_linux_amd64 plugin: 2024/01/20 19:25:32 [DEBUG] Error getting SSH address: 500 QEMU guest agent is not running
2024/01/20 19:25:40 packer-plugin-proxmox_v1.1.6_x5.0_linux_amd64 plugin: 2024/01/20 19:25:40 [DEBUG] Error getting SSH address: 500 QEMU guest agent is not running
2024/01/20 19:25:48 packer-plugin-proxmox_v1.1.6_x5.0_linux_amd64 plugin: 2024/01/20 19:25:48 [DEBUG] Error getting SSH address: 500 QEMU guest agent is not running
2024/01/20 19:25:56 packer-plugin-proxmox_v1.1.6_x5.0_linux_amd64 plugin: 2024/01/20 19:25:56 [DEBUG] Error getting SSH address: 500 QEMU guest agent is not running
2024/01/20 19:26:04 packer-plugin-proxmox_v1.1.6_x5.0_linux_amd64 plugin: 2024/01/20 19:26:04 [DEBUG] Error getting SSH address: 500 QEMU guest agent is not running
2024/01/20 19:26:12 packer-plugin-proxmox_v1.1.6_x5.0_linux_amd64 plugin: 2024/01/20 19:26:12 [DEBUG] Error getting SSH address: 500 QEMU guest agent is not running
2024/01/20 19:26:20 packer-plugin-proxmox_v1.1.6_x5.0_linux_amd64 plugin: 2024/01/20 19:26:20 [DEBUG] Error getting SSH address: 500 QEMU guest agent is not running
2024/01/20 19:26:28 packer-plugin-proxmox_v1.1.6_x5.0_linux_amd64 plugin: 2024/01/20 19:26:28 [DEBUG] Error getting SSH address: 500 QEMU guest agent is not running
2024/01/20 19:26:36 packer-plugin-proxmox_v1.1.6_x5.0_linux_amd64 plugin: 2024/01/20 19:26:36 [DEBUG] Error getting SSH address: 500 QEMU guest agent is not running
2024/01/20 19:26:44 packer-plugin-proxmox_v1.1.6_x5.0_linux_amd64 plugin: 2024/01/20 19:26:44 [DEBUG] Error getting SSH address: 500 QEMU guest agent is not running
2024/01/20 19:26:52 packer-plugin-proxmox_v1.1.6_x5.0_linux_amd64 plugin: 2024/01/20 19:26:52 [DEBUG] Error getting SSH address: 500 QEMU guest agent is not running
2024/01/20 19:27:00 packer-plugin-proxmox_v1.1.6_x5.0_linux_amd64 plugin: 2024/01/20 19:27:00 [DEBUG] Error getting SSH address: 500 QEMU guest agent is not running
2024/01/20 19:27:08 packer-plugin-proxmox_v1.1.6_x5.0_linux_amd64 plugin: 2024/01/20 19:27:08 [DEBUG] Error getting SSH address: 500 QEMU guest agent is not running
2024/01/20 19:27:16 packer-plugin-proxmox_v1.1.6_x5.0_linux_amd64 plugin: 2024/01/20 19:27:16 [DEBUG] Error getting SSH address: 500 QEMU guest agent is not running
2024/01/20 19:27:24 packer-plugin-proxmox_v1.1.6_x5.0_linux_amd64 plugin: 2024/01/20 19:27:24 [DEBUG] Error getting SSH address: 500 QEMU guest agent is not running
2024/01/20 19:27:32 packer-plugin-proxmox_v1.1.6_x5.0_linux_amd64 plugin: 2024/01/20 19:27:32 [DEBUG] Error getting SSH address: 500 QEMU guest agent is not running
2024/01/20 19:27:40 packer-plugin-proxmox_v1.1.6_x5.0_linux_amd64 plugin: 2024/01/20 19:27:40 [DEBUG] Error getting SSH address: 500 QEMU guest agent is not running
2024/01/20 19:27:48 packer-plugin-proxmox_v1.1.6_x5.0_linux_amd64 plugin: 2024/01/20 19:27:48 [DEBUG] Error getting SSH address: 500 QEMU guest agent is not running
2024/01/20 19:27:56 packer-plugin-proxmox_v1.1.6_x5.0_linux_amd64 plugin: 2024/01/20 19:27:56 [DEBUG] Error getting SSH address: 500 QEMU guest agent is not running
2024/01/20 19:28:04 packer-plugin-proxmox_v1.1.6_x5.0_linux_amd64 plugin: 2024/01/20 19:28:04 [DEBUG] Error getting SSH address: 500 QEMU guest agent is not running
2024/01/20 19:28:12 packer-plugin-proxmox_v1.1.6_x5.0_linux_amd64 plugin: 2024/01/20 19:28:12 [DEBUG] Error getting SSH address: 500 QEMU guest agent is not running
2024/01/20 19:28:20 packer-plugin-proxmox_v1.1.6_x5.0_linux_amd64 plugin: 2024/01/20 19:28:20 [DEBUG] Error getting SSH address: 500 QEMU guest agent is not running
2024/01/20 19:28:28 packer-plugin-proxmox_v1.1.6_x5.0_linux_amd64 plugin: 2024/01/20 19:28:28 [DEBUG] Error getting SSH address: 500 QEMU guest agent is not running
2024/01/20 19:28:29 ui error: Cancelling build after receiving interrupt
2024/01/20 19:28:29 Cancelling builder after context cancellation context canceled
2024/01/20 19:28:29 packer-provisioner-file plugin: Received interrupt signal (count: 1). Ignoring.
2024/01/20 19:28:29 packer-provisioner-shell plugin: Received interrupt signal (count: 1). Ignoring.
2024/01/20 19:28:29 packer-plugin-proxmox_v1.1.6_x5.0_linux_amd64 plugin: 2024/01/20 19:28:29 Received interrupt signal (count: 1). Ignoring.
2024/01/20 19:28:29 packer-plugin-proxmox_v1.1.6_x5.0_linux_amd64 plugin: 2024/01/20 19:28:29 [DEBUG] SSH wait cancelled. Exiting loop.
2024/01/20 19:28:29 packer-plugin-proxmox_v1.1.6_x5.0_linux_amd64 plugin: 2024/01/20 19:28:29 [WARN] Interrupt detected, quitting waiting for SSH.
2024/01/20 19:28:29 packer-provisioner-shell plugin: Received interrupt signal (count: 1). Ignoring.
2024/01/20 19:28:29 ui error: [1;31m==> ubuntu-server-2204.proxmox-iso.ubuntu-server-2204: Timeout waiting for SSH.[0m
2024/01/20 19:28:29 ui: [1;32m==> ubuntu-server-2204.proxmox-iso.ubuntu-server-2204: Step "StepConnect" failed[0m
2024/01/20 19:28:29 ui: ask: [1;32m==> ubuntu-server-2204.proxmox-iso.ubuntu-server-2204: [c] Clean up and exit, [a] abort without cleanup, or [r] retry step (build may fail even if retry succeeds)?[0m
2024/01/20 19:28:34 ui: [1;32m==> ubuntu-server-2204.proxmox-iso.ubuntu-server-2204: Stopping VM[0m
2024/01/20 19:28:36 ui: [1;32m==> ubuntu-server-2204.proxmox-iso.ubuntu-server-2204: Deleting VM[0m
2024/01/20 19:28:38 [INFO] (telemetry) ending proxmox-iso.ubuntu-server-2204
2024/01/20 19:28:38 ui error: [1;31mBuild 'ubuntu-server-2204.proxmox-iso.ubuntu-server-2204' errored after 32 minutes 43 seconds: Timeout waiting for SSH.[0m
2024/01/20 19:28:38 ui: 
==> Wait completed after 32 minutes 43 seconds
2024/01/20 19:28:38 ui: Cleanly cancelled builds after being interrupted.
2024/01/20 19:28:38 [INFO] (telemetry) Finalizing.
2024/01/20 19:28:38 waiting for all plugin processes to complete...
2024/01/20 19:28:38 /home/vscode/.asdf/installs/packer/1.10.0/bin/packer: plugin process exited
2024/01/20 19:28:38 /home/vscode/.config/packer/plugins/github.com/hashicorp/proxmox/packer-plugin-proxmox_v1.1.6_x5.0_linux_amd64: plugin process exited
2024/01/20 19:28:38 /home/vscode/.asdf/installs/packer/1.10.0/bin/packer: plugin process exited
2024/01/20 19:28:38 /home/vscode/.asdf/installs/packer/1.10.0/bin/packer: plugin process exited
